#! /usr/bin/vvp
:ivl_version "10.2 (stable)" "(v10_2)";
:ivl_delay_selection "TYPICAL";
:vpi_time_precision + 0;
:vpi_module "system";
:vpi_module "vhdl_sys";
:vpi_module "v2005_math";
:vpi_module "va_math";
S_0x5572f5565110 .scope module, "delay_tb" "delay_tb" 2 30;
 .timescale 0 0;
v0x5572f55c2300_0 .var "clk", 0 0;
v0x5572f55c23d0_0 .var "d_in", 0 0;
v0x5572f55c24a0_0 .net "d_out", 0 0, L_0x5572f55c25a0;  1 drivers
S_0x5572f5565290 .scope module, "del" "delay" 2 35, 3 30 0, S_0x5572f5565110;
 .timescale 0 0;
    .port_info 0 /INPUT 1 "clk"
    .port_info 1 /INPUT 1 "sig_in"
    .port_info 2 /OUTPUT 1 "sig_out"
P_0x5572f559f870 .param/l "DELAY_VAL" 0 3 30, +C4<00000000000000000000000000000010>;
v0x5572f559cc00_0 .var "buffer", 2 0;
v0x5572f55c2030_0 .net "clk", 0 0, v0x5572f55c2300_0;  1 drivers
v0x5572f55c20f0_0 .net "sig_in", 0 0, v0x5572f55c23d0_0;  1 drivers
v0x5572f55c21c0_0 .net "sig_out", 0 0, L_0x5572f55c25a0;  alias, 1 drivers
E_0x5572f559dd30 .event posedge, v0x5572f55c2030_0;
L_0x5572f55c25a0 .part v0x5572f559cc00_0, 0, 1;
    .scope S_0x5572f5565290;
T_0 ;
    %pushi/vec4 0, 0, 3;
    %store/vec4 v0x5572f559cc00_0, 0, 3;
    %end;
    .thread T_0;
    .scope S_0x5572f5565290;
T_1 ;
    %wait E_0x5572f559dd30;
    %load/vec4 v0x5572f55c20f0_0;
    %load/vec4 v0x5572f559cc00_0;
    %parti/s 2, 1, 2;
    %concat/vec4; draw_concat_vec4
    %assign/vec4 v0x5572f559cc00_0, 0;
    %jmp T_1;
    .thread T_1;
    .scope S_0x5572f5565110;
T_2 ;
    %pushi/vec4 0, 0, 1;
    %store/vec4 v0x5572f55c23d0_0, 0, 1;
    %pushi/vec4 1, 0, 1;
    %store/vec4 v0x5572f55c2300_0, 0, 1;
    %end;
    .thread T_2;
    .scope S_0x5572f5565110;
T_3 ;
    %delay 1, 0;
    %load/vec4 v0x5572f55c2300_0;
    %inv;
    %store/vec4 v0x5572f55c2300_0, 0, 1;
    %jmp T_3;
    .thread T_3;
    .scope S_0x5572f5565110;
T_4 ;
    %vpi_call 2 41 "$dumpfile", "sim/delay_tb.vcd" {0 0 0};
    %vpi_call 2 42 "$dumpvars", 32'sb00000000000000000000000000000000, S_0x5572f5565110 {0 0 0};
    %delay 2, 0;
    %pushi/vec4 1, 0, 1;
    %store/vec4 v0x5572f55c23d0_0, 0, 1;
    %delay 4, 0;
    %pushi/vec4 0, 0, 1;
    %store/vec4 v0x5572f55c23d0_0, 0, 1;
    %delay 2, 0;
    %pushi/vec4 1, 0, 1;
    %store/vec4 v0x5572f55c23d0_0, 0, 1;
    %delay 2, 0;
    %pushi/vec4 0, 0, 1;
    %store/vec4 v0x5572f55c23d0_0, 0, 1;
    %delay 2, 0;
    %pushi/vec4 1, 0, 1;
    %store/vec4 v0x5572f55c23d0_0, 0, 1;
    %delay 2, 0;
    %pushi/vec4 0, 0, 1;
    %store/vec4 v0x5572f55c23d0_0, 0, 1;
    %delay 2, 0;
    %pushi/vec4 1, 0, 1;
    %store/vec4 v0x5572f55c23d0_0, 0, 1;
    %delay 4, 0;
    %pushi/vec4 0, 0, 1;
    %store/vec4 v0x5572f55c23d0_0, 0, 1;
    %delay 4, 0;
    %pushi/vec4 1, 0, 1;
    %store/vec4 v0x5572f55c23d0_0, 0, 1;
    %delay 10, 0;
    %vpi_call 2 54 "$finish" {0 0 0};
    %end;
    .thread T_4;
# The file index is used to find the file name in the following table.
:file_names 4;
    "N/A";
    "<interactive>";
    "tb/delay_tb.v";
    "rtl/delay.v";
