#! /usr/bin/vvp
:ivl_version "10.2 (stable)" "(v10_2)";
:ivl_delay_selection "TYPICAL";
:vpi_time_precision + 0;
:vpi_module "system";
:vpi_module "vhdl_sys";
:vpi_module "v2005_math";
:vpi_module "va_math";
S_0x55f1766a5120 .scope module, "ULPI_REG_WRITE_tb" "ULPI_REG_WRITE_tb" 2 37;
 .timescale 0 0;
v0x55f176717060_0 .var "ADDR", 5 0;
v0x55f176717140_0 .var "DATA", 7 0;
v0x55f1767171e0_0 .var "NXT", 0 0;
v0x55f176717280_0 .net "STP", 0 0, L_0x55f1766df920;  1 drivers
v0x55f176717320_0 .net "ULPI_DATA", 7 0, L_0x55f1766e2a00;  1 drivers
v0x55f1767173c0_0 .var "WD", 0 0;
v0x55f176717460_0 .net "busy", 0 0, L_0x55f176718310;  1 drivers
v0x55f176717500_0 .var "clk", 0 0;
v0x55f1767175d0_0 .var "rst", 0 0;
S_0x55f1766a52a0 .scope module, "WRITE_tb" "ULPI_REG_WRITE" 2 52, 3 50 0, S_0x55f1766a5120;
 .timescale 0 0;
    .port_info 0 /INPUT 1 "clk"
    .port_info 1 /INPUT 1 "rst"
    .port_info 2 /INPUT 1 "WRITE_DATA"
    .port_info 3 /INPUT 8 "DATA"
    .port_info 4 /INPUT 6 "ADDR"
    .port_info 5 /OUTPUT 1 "BUSY"
    .port_info 6 /INPUT 1 "NXT"
    .port_info 7 /OUTPUT 1 "STP"
    .port_info 8 /OUTPUT 8 "ULPI_DATA"
P_0x55f1766ddaa0 .param/l "REG_WRITE_CMD" 0 3 66, C4<10>;
P_0x55f1766ddae0 .param/l "WRITE_IDLE" 1 3 98, C4<00>;
P_0x55f1766ddb20 .param/l "WRITE_SEND_DATA" 1 3 100, C4<10>;
P_0x55f1766ddb60 .param/l "WRITE_STP" 1 3 101, C4<11>;
P_0x55f1766ddba0 .param/l "WRITE_TXCMD" 1 3 99, C4<01>;
L_0x55f1766df920 .functor BUFZ 1, v0x55f176715710_0, C4<0>, C4<0>, C4<0>;
L_0x55f1766e2a00 .functor BUFZ 8, v0x55f1767158b0_0, C4<00000000>, C4<00000000>, C4<00000000>;
v0x55f1766f5bc0_0 .net "ADDR", 5 0, v0x55f176717060_0;  1 drivers
v0x55f1767152e0_0 .net "BUSY", 0 0, L_0x55f176718310;  alias, 1 drivers
v0x55f1767153a0_0 .net "DATA", 7 0, v0x55f176717140_0;  1 drivers
v0x55f176715460_0 .var "DATA_buf_r", 7 0;
v0x55f176715540_0 .net "NXT", 0 0, v0x55f1767171e0_0;  1 drivers
v0x55f176715650_0 .net "STP", 0 0, L_0x55f1766df920;  alias, 1 drivers
v0x55f176715710_0 .var "STP_r", 0 0;
v0x55f1767157d0_0 .net "ULPI_DATA", 7 0, L_0x55f1766e2a00;  alias, 1 drivers
v0x55f1767158b0_0 .var "ULPI_DATA_buf_r", 7 0;
v0x55f176715990_0 .net "WRITE_DATA", 0 0, v0x55f1767173c0_0;  1 drivers
v0x55f176715a50_0 .net "WRITE_s_IDLE", 0 0, L_0x55f176717880;  1 drivers
v0x55f176715b10_0 .net "WRITE_s_SEND_DATA", 0 0, L_0x55f176717e80;  1 drivers
v0x55f176715bd0_0 .net "WRITE_s_STP", 0 0, L_0x55f176718130;  1 drivers
v0x55f176715c90_0 .net "WRITE_s_TXCMD", 0 0, L_0x55f176717bd0;  1 drivers
v0x55f176715d50_0 .var "WRITE_state_r", 1 0;
L_0x7efc2c7b50f0 .functor BUFT 1, C4<01>, C4<0>, C4<0>, C4<0>;
v0x55f176715e30_0 .net/2u *"_s12", 1 0, L_0x7efc2c7b50f0;  1 drivers
v0x55f176715f10_0 .net *"_s14", 0 0, L_0x55f176717a40;  1 drivers
L_0x7efc2c7b5138 .functor BUFT 1, C4<1>, C4<0>, C4<0>, C4<0>;
v0x55f176715fd0_0 .net/2u *"_s16", 0 0, L_0x7efc2c7b5138;  1 drivers
L_0x7efc2c7b5180 .functor BUFT 1, C4<0>, C4<0>, C4<0>, C4<0>;
v0x55f1767160b0_0 .net/2u *"_s18", 0 0, L_0x7efc2c7b5180;  1 drivers
L_0x7efc2c7b5018 .functor BUFT 1, C4<00>, C4<0>, C4<0>, C4<0>;
v0x55f176716190_0 .net/2u *"_s2", 1 0, L_0x7efc2c7b5018;  1 drivers
L_0x7efc2c7b51c8 .functor BUFT 1, C4<10>, C4<0>, C4<0>, C4<0>;
v0x55f176716270_0 .net/2u *"_s22", 1 0, L_0x7efc2c7b51c8;  1 drivers
v0x55f176716350_0 .net *"_s24", 0 0, L_0x55f176717d90;  1 drivers
L_0x7efc2c7b5210 .functor BUFT 1, C4<1>, C4<0>, C4<0>, C4<0>;
v0x55f176716410_0 .net/2u *"_s26", 0 0, L_0x7efc2c7b5210;  1 drivers
L_0x7efc2c7b5258 .functor BUFT 1, C4<0>, C4<0>, C4<0>, C4<0>;
v0x55f1767164f0_0 .net/2u *"_s28", 0 0, L_0x7efc2c7b5258;  1 drivers
L_0x7efc2c7b52a0 .functor BUFT 1, C4<11>, C4<0>, C4<0>, C4<0>;
v0x55f1767165d0_0 .net/2u *"_s32", 1 0, L_0x7efc2c7b52a0;  1 drivers
v0x55f1767166b0_0 .net *"_s34", 0 0, L_0x55f176718000;  1 drivers
L_0x7efc2c7b52e8 .functor BUFT 1, C4<1>, C4<0>, C4<0>, C4<0>;
v0x55f176716770_0 .net/2u *"_s36", 0 0, L_0x7efc2c7b52e8;  1 drivers
L_0x7efc2c7b5330 .functor BUFT 1, C4<0>, C4<0>, C4<0>, C4<0>;
v0x55f176716850_0 .net/2u *"_s38", 0 0, L_0x7efc2c7b5330;  1 drivers
v0x55f176716930_0 .net *"_s4", 0 0, L_0x55f1767176d0;  1 drivers
L_0x7efc2c7b5060 .functor BUFT 1, C4<1>, C4<0>, C4<0>, C4<0>;
v0x55f1767169f0_0 .net/2u *"_s6", 0 0, L_0x7efc2c7b5060;  1 drivers
L_0x7efc2c7b50a8 .functor BUFT 1, C4<0>, C4<0>, C4<0>, C4<0>;
v0x55f176716ad0_0 .net/2u *"_s8", 0 0, L_0x7efc2c7b50a8;  1 drivers
v0x55f176716bb0_0 .net "clk", 0 0, v0x55f176717500_0;  1 drivers
v0x55f176716c70_0 .net "rst", 0 0, v0x55f1767175d0_0;  1 drivers
E_0x55f1766e0f40 .event posedge, v0x55f176716bb0_0;
L_0x55f1767176d0 .cmp/eq 2, v0x55f176715d50_0, L_0x7efc2c7b5018;
L_0x55f176717880 .functor MUXZ 1, L_0x7efc2c7b50a8, L_0x7efc2c7b5060, L_0x55f1767176d0, C4<>;
L_0x55f176717a40 .cmp/eq 2, v0x55f176715d50_0, L_0x7efc2c7b50f0;
L_0x55f176717bd0 .functor MUXZ 1, L_0x7efc2c7b5180, L_0x7efc2c7b5138, L_0x55f176717a40, C4<>;
L_0x55f176717d90 .cmp/eq 2, v0x55f176715d50_0, L_0x7efc2c7b51c8;
L_0x55f176717e80 .functor MUXZ 1, L_0x7efc2c7b5258, L_0x7efc2c7b5210, L_0x55f176717d90, C4<>;
L_0x55f176718000 .cmp/eq 2, v0x55f176715d50_0, L_0x7efc2c7b52a0;
L_0x55f176718130 .functor MUXZ 1, L_0x7efc2c7b5330, L_0x7efc2c7b52e8, L_0x55f176718000, C4<>;
L_0x55f176718310 .reduce/nor L_0x55f176717880;
    .scope S_0x55f1766a52a0;
T_0 ;
    %pushi/vec4 0, 0, 1;
    %store/vec4 v0x55f176715710_0, 0, 1;
    %pushi/vec4 0, 0, 8;
    %store/vec4 v0x55f176715460_0, 0, 8;
    %pushi/vec4 0, 0, 8;
    %store/vec4 v0x55f1767158b0_0, 0, 8;
    %pushi/vec4 0, 0, 2;
    %store/vec4 v0x55f176715d50_0, 0, 2;
    %end;
    .thread T_0;
    .scope S_0x55f1766a52a0;
T_1 ;
    %wait E_0x55f1766e0f40;
    %load/vec4 v0x55f176716c70_0;
    %cmpi/e 1, 0, 1;
    %jmp/0xz  T_1.0, 4;
    %pushi/vec4 0, 0, 2;
    %assign/vec4 v0x55f176715d50_0, 0;
    %pushi/vec4 0, 0, 1;
    %assign/vec4 v0x55f176715710_0, 0;
    %pushi/vec4 0, 0, 8;
    %assign/vec4 v0x55f1767158b0_0, 0;
    %jmp T_1.1;
T_1.0 ;
    %load/vec4 v0x55f176715d50_0;
    %dup/vec4;
    %pushi/vec4 0, 0, 2;
    %cmp/u;
    %jmp/1 T_1.2, 6;
    %dup/vec4;
    %pushi/vec4 1, 0, 2;
    %cmp/u;
    %jmp/1 T_1.3, 6;
    %dup/vec4;
    %pushi/vec4 2, 0, 2;
    %cmp/u;
    %jmp/1 T_1.4, 6;
    %dup/vec4;
    %pushi/vec4 3, 0, 2;
    %cmp/u;
    %jmp/1 T_1.5, 6;
    %pushi/vec4 0, 0, 2;
    %assign/vec4 v0x55f176715d50_0, 0;
    %pushi/vec4 0, 0, 8;
    %assign/vec4 v0x55f1767158b0_0, 0;
    %pushi/vec4 0, 0, 1;
    %assign/vec4 v0x55f176715710_0, 0;
    %jmp T_1.7;
T_1.2 ;
    %pushi/vec4 0, 0, 1;
    %assign/vec4 v0x55f176715710_0, 0;
    %load/vec4 v0x55f176715990_0;
    %cmpi/e 1, 0, 1;
    %jmp/0xz  T_1.8, 4;
    %pushi/vec4 1, 0, 2;
    %assign/vec4 v0x55f176715d50_0, 0;
    %load/vec4 v0x55f1767153a0_0;
    %assign/vec4 v0x55f176715460_0, 0;
    %pushi/vec4 2, 0, 2;
    %load/vec4 v0x55f1766f5bc0_0;
    %concat/vec4; draw_concat_vec4
    %assign/vec4 v0x55f1767158b0_0, 0;
    %jmp T_1.9;
T_1.8 ;
    %pushi/vec4 0, 0, 2;
    %assign/vec4 v0x55f176715d50_0, 0;
    %pushi/vec4 0, 0, 8;
    %assign/vec4 v0x55f1767158b0_0, 0;
T_1.9 ;
    %jmp T_1.7;
T_1.3 ;
    %load/vec4 v0x55f176715540_0;
    %cmpi/e 1, 0, 1;
    %jmp/0xz  T_1.10, 4;
    %pushi/vec4 2, 0, 2;
    %assign/vec4 v0x55f176715d50_0, 0;
    %load/vec4 v0x55f176715460_0;
    %assign/vec4 v0x55f1767158b0_0, 0;
    %jmp T_1.11;
T_1.10 ;
    %pushi/vec4 1, 0, 2;
    %assign/vec4 v0x55f176715d50_0, 0;
T_1.11 ;
    %jmp T_1.7;
T_1.4 ;
    %load/vec4 v0x55f176715540_0;
    %cmpi/e 1, 0, 1;
    %jmp/0xz  T_1.12, 4;
    %pushi/vec4 3, 0, 2;
    %assign/vec4 v0x55f176715d50_0, 0;
    %pushi/vec4 1, 0, 1;
    %assign/vec4 v0x55f176715710_0, 0;
    %pushi/vec4 0, 0, 8;
    %assign/vec4 v0x55f1767158b0_0, 0;
    %jmp T_1.13;
T_1.12 ;
    %pushi/vec4 2, 0, 2;
    %assign/vec4 v0x55f176715d50_0, 0;
T_1.13 ;
    %jmp T_1.7;
T_1.5 ;
    %pushi/vec4 0, 0, 2;
    %assign/vec4 v0x55f176715d50_0, 0;
    %pushi/vec4 0, 0, 1;
    %assign/vec4 v0x55f176715710_0, 0;
    %pushi/vec4 0, 0, 8;
    %assign/vec4 v0x55f1767158b0_0, 0;
    %jmp T_1.7;
T_1.7 ;
    %pop/vec4 1;
T_1.1 ;
    %jmp T_1;
    .thread T_1;
    .scope S_0x55f1766a5120;
T_2 ;
    %pushi/vec4 0, 0, 1;
    %store/vec4 v0x55f176717500_0, 0, 1;
    %pushi/vec4 0, 0, 1;
    %store/vec4 v0x55f1767175d0_0, 0, 1;
    %pushi/vec4 0, 0, 1;
    %store/vec4 v0x55f1767173c0_0, 0, 1;
    %pushi/vec4 0, 0, 1;
    %store/vec4 v0x55f1767171e0_0, 0, 1;
    %pushi/vec4 0, 0, 8;
    %store/vec4 v0x55f176717140_0, 0, 8;
    %pushi/vec4 0, 0, 6;
    %store/vec4 v0x55f176717060_0, 0, 6;
    %end;
    .thread T_2;
    .scope S_0x55f1766a5120;
T_3 ;
    %delay 1, 0;
    %load/vec4 v0x55f176717500_0;
    %inv;
    %assign/vec4 v0x55f176717500_0, 0;
    %jmp T_3;
    .thread T_3;
    .scope S_0x55f1766a5120;
T_4 ;
    %vpi_call 2 60 "$dumpfile", "sim/ULPI_REG_WRITE_tb.vcd" {0 0 0};
    %vpi_call 2 61 "$dumpvars", 32'sb00000000000000000000000000000000, S_0x55f1766a5120 {0 0 0};
    %delay 1, 0;
    %pushi/vec4 26, 0, 6;
    %store/vec4 v0x55f176717060_0, 0, 6;
    %pushi/vec4 58, 0, 8;
    %store/vec4 v0x55f176717140_0, 0, 8;
    %delay 1, 0;
    %pushi/vec4 1, 0, 1;
    %store/vec4 v0x55f1767173c0_0, 0, 1;
    %delay 2, 0;
    %pushi/vec4 0, 0, 1;
    %store/vec4 v0x55f1767173c0_0, 0, 1;
    %delay 2, 0;
    %pushi/vec4 1, 0, 1;
    %store/vec4 v0x55f1767171e0_0, 0, 1;
    %delay 4, 0;
    %pushi/vec4 0, 0, 1;
    %store/vec4 v0x55f1767171e0_0, 0, 1;
    %delay 100, 0;
    %vpi_call 2 71 "$finish" {0 0 0};
    %end;
    .thread T_4;
# The file index is used to find the file name in the following table.
:file_names 4;
    "N/A";
    "<interactive>";
    "tb/ULPI_REG_WRITE_tb.v";
    "rtl/ULPI_REG_WRITE.v";
