#! /usr/bin/vvp
:ivl_version "10.2 (stable)" "(v10_2)";
:ivl_delay_selection "TYPICAL";
:vpi_time_precision + 0;
:vpi_module "system";
:vpi_module "vhdl_sys";
:vpi_module "v2005_math";
:vpi_module "va_math";
S_0x564ce021d110 .scope module, "memory_tb" "memory_tb" 2 6;
 .timescale 0 0;
P_0x564ce02610c0 .param/l "Addr_width" 0 2 8, +C4<00000000000000000000000000000011>;
P_0x564ce0261100 .param/l "Data_width" 0 2 9, +C4<00000000000000000000000000001000>;
v0x564ce028bc20_0 .var "ADDR", 2 0;
v0x564ce028bd00_0 .var "CS", 0 0;
RS_0x7fb1dd48f078 .resolv tri, L_0x564ce028d380, v0x564ce028c3f0_0;
v0x564ce028bda0_0 .net8 "DATA", 7 0, RS_0x7fb1dd48f078;  2 drivers
v0x564ce028be70_0 .net "DEBUG", 0 0, L_0x564ce028d000;  1 drivers
o0x7fb1dd48f0d8 .functor BUFZ 1, C4<z>; HiZ drive
v0x564ce028bf40_0 .net "ERR", 0 0, o0x7fb1dd48f0d8;  0 drivers
v0x564ce028bfe0_0 .var "PR", 0 0;
v0x564ce028c0b0_0 .var "PS", 0 0;
v0x564ce028c180_0 .var "PW", 0 0;
v0x564ce028c250_0 .var "SD", 0 0;
v0x564ce028c320_0 .var "SV", 0 0;
v0x564ce028c3f0_0 .var "ctrl", 7 0;
S_0x564ce0256830 .scope module, "mem" "memory" 2 20, 3 59 0, S_0x564ce021d110;
 .timescale 0 0;
    .port_info 0 /INPUT 1 "CS"
    .port_info 1 /INPUT 1 "PW"
    .port_info 2 /INPUT 1 "PR"
    .port_info 3 /INPUT 1 "PS"
    .port_info 4 /INPUT 1 "SD"
    .port_info 5 /INPUT 1 "SV"
    .port_info 6 /INPUT 3 "ADDR"
    .port_info 7 /OUTPUT 1 "ERR"
    .port_info 8 /OUTPUT 1 "DEBUG"
    .port_info 9 /INOUT 8 "DATA"
P_0x564ce0267c00 .param/l "Addr_width" 0 3 59, +C4<00000000000000000000000000000011>;
P_0x564ce0267c40 .param/l "Data_width" 0 3 60, +C4<00000000000000000000000000001000>;
L_0x564ce0256cf0 .functor NOT 1, v0x564ce028c180_0, C4<0>, C4<0>, C4<0>;
L_0x564ce0256e00 .functor AND 1, v0x564ce028bd00_0, L_0x564ce0256cf0, C4<1>, C4<1>;
L_0x564ce021d570 .functor NOT 1, v0x564ce028bfe0_0, C4<0>, C4<0>, C4<0>;
L_0x564ce021d680 .functor AND 1, L_0x564ce021d570, v0x564ce028c0b0_0, C4<1>, C4<1>;
L_0x564ce02674c0 .functor AND 1, L_0x564ce0256e00, L_0x564ce021d680, C4<1>, C4<1>;
L_0x564ce0267530 .functor NOT 1, v0x564ce028c180_0, C4<0>, C4<0>, C4<0>;
L_0x564ce028c760 .functor AND 1, v0x564ce028bd00_0, L_0x564ce0267530, C4<1>, C4<1>;
L_0x564ce028c820 .functor NOT 1, v0x564ce028c0b0_0, C4<0>, C4<0>, C4<0>;
L_0x564ce028c8e0 .functor AND 1, v0x564ce028bfe0_0, L_0x564ce028c820, C4<1>, C4<1>;
L_0x564ce028c9a0 .functor AND 1, L_0x564ce028c760, L_0x564ce028c8e0, C4<1>, C4<1>;
L_0x564ce028cb10 .functor AND 1, v0x564ce028bd00_0, v0x564ce028c180_0, C4<1>, C4<1>;
L_0x564ce028cca0 .functor NOT 1, v0x564ce028bfe0_0, C4<0>, C4<0>, C4<0>;
L_0x564ce028ce10 .functor NOT 1, v0x564ce028c0b0_0, C4<0>, C4<0>, C4<0>;
L_0x564ce028cf10 .functor AND 1, L_0x564ce028cca0, L_0x564ce028ce10, C4<1>, C4<1>;
L_0x564ce028cda0 .functor AND 1, L_0x564ce028cb10, L_0x564ce028cf10, C4<1>, C4<1>;
L_0x564ce028d000 .functor BUFZ 1, L_0x564ce028c9a0, C4<0>, C4<0>, C4<0>;
v0x564ce0265790_0 .net "ADDR", 2 0, v0x564ce028bc20_0;  1 drivers
v0x564ce028a270_0 .net "CS", 0 0, v0x564ce028bd00_0;  1 drivers
v0x564ce028a330_0 .net8 "DATA", 7 0, RS_0x7fb1dd48f078;  alias, 2 drivers
v0x564ce028a3f0_0 .net "DEBUG", 0 0, L_0x564ce028d000;  alias, 1 drivers
v0x564ce028a4b0_0 .net "ERR", 0 0, o0x7fb1dd48f0d8;  alias, 0 drivers
v0x564ce028a5c0_0 .net "PR", 0 0, v0x564ce028bfe0_0;  1 drivers
v0x564ce028a680_0 .net "PS", 0 0, v0x564ce028c0b0_0;  1 drivers
v0x564ce028a740_0 .net "PW", 0 0, v0x564ce028c180_0;  1 drivers
v0x564ce028a800_0 .net "R", 0 0, L_0x564ce028c9a0;  1 drivers
v0x564ce028a8c0_0 .net "S", 0 0, L_0x564ce02674c0;  1 drivers
v0x564ce028a980_0 .net "SD", 0 0, v0x564ce028c250_0;  1 drivers
v0x564ce028aa40_0 .net "SV", 0 0, v0x564ce028c320_0;  1 drivers
v0x564ce028ab00_0 .net "W", 0 0, L_0x564ce028cda0;  1 drivers
v0x564ce028abc0_0 .net *"_s0", 0 0, L_0x564ce0256cf0;  1 drivers
v0x564ce028aca0_0 .net *"_s10", 0 0, L_0x564ce0267530;  1 drivers
v0x564ce028ad80_0 .net *"_s12", 0 0, L_0x564ce028c760;  1 drivers
v0x564ce028ae60_0 .net *"_s14", 0 0, L_0x564ce028c820;  1 drivers
v0x564ce028af40_0 .net *"_s16", 0 0, L_0x564ce028c8e0;  1 drivers
v0x564ce028b020_0 .net *"_s2", 0 0, L_0x564ce0256e00;  1 drivers
v0x564ce028b100_0 .net *"_s20", 0 0, L_0x564ce028cb10;  1 drivers
v0x564ce028b1e0_0 .net *"_s22", 0 0, L_0x564ce028cca0;  1 drivers
v0x564ce028b2c0_0 .net *"_s24", 0 0, L_0x564ce028ce10;  1 drivers
v0x564ce028b3a0_0 .net *"_s26", 0 0, L_0x564ce028cf10;  1 drivers
v0x564ce028b480_0 .net *"_s32", 7 0, L_0x564ce028d150;  1 drivers
v0x564ce028b560_0 .net *"_s34", 4 0, L_0x564ce028d1f0;  1 drivers
L_0x7fb1dd446018 .functor BUFT 1, C4<00>, C4<0>, C4<0>, C4<0>;
v0x564ce028b640_0 .net *"_s37", 1 0, L_0x7fb1dd446018;  1 drivers
o0x7fb1dd48f4f8 .functor BUFZ 8, C4<zzzzzzzz>; HiZ drive
; Elide local net with no drivers, v0x564ce028b720_0 name=_s38
v0x564ce028b800_0 .net *"_s4", 0 0, L_0x564ce021d570;  1 drivers
v0x564ce028b8e0_0 .net *"_s6", 0 0, L_0x564ce021d680;  1 drivers
v0x564ce028b9c0 .array "memory", 0 7, 7 0;
E_0x564ce0254890 .event posedge, v0x564ce028ab00_0;
L_0x564ce028d150 .array/port v0x564ce028b9c0, L_0x564ce028d1f0;
L_0x564ce028d1f0 .concat [ 3 2 0 0], v0x564ce028bc20_0, L_0x7fb1dd446018;
L_0x564ce028d380 .functor MUXZ 8, o0x7fb1dd48f4f8, L_0x564ce028d150, L_0x564ce028c9a0, C4<>;
    .scope S_0x564ce0256830;
T_0 ;
    %pushi/vec4 15, 0, 8;
    %ix/load 4, 1, 0;
    %flag_set/imm 4, 0;
    %store/vec4a v0x564ce028b9c0, 4, 0;
    %end;
    .thread T_0;
    .scope S_0x564ce0256830;
T_1 ;
    %wait E_0x564ce0254890;
    %load/vec4 v0x564ce028a330_0;
    %load/vec4 v0x564ce0265790_0;
    %pad/u 5;
    %ix/vec4 4;
    %store/vec4a v0x564ce028b9c0, 4, 0;
    %jmp T_1;
    .thread T_1;
    .scope S_0x564ce021d110;
T_2 ;
    %pushi/vec4 0, 255, 8;
    %store/vec4 v0x564ce028c3f0_0, 0, 8;
    %end;
    .thread T_2;
    .scope S_0x564ce021d110;
T_3 ;
    %vpi_call 2 48 "$display", "%d", 4'bzzzz {0 0 0};
    %pushi/vec4 0, 0, 1;
    %store/vec4 v0x564ce028bd00_0, 0, 1;
    %pushi/vec4 0, 0, 1;
    %store/vec4 v0x564ce028c180_0, 0, 1;
    %pushi/vec4 0, 0, 1;
    %store/vec4 v0x564ce028bfe0_0, 0, 1;
    %pushi/vec4 0, 0, 1;
    %store/vec4 v0x564ce028c0b0_0, 0, 1;
    %pushi/vec4 0, 0, 1;
    %store/vec4 v0x564ce028c250_0, 0, 1;
    %pushi/vec4 0, 0, 1;
    %store/vec4 v0x564ce028c320_0, 0, 1;
    %vpi_call 2 50 "$monitor", "CS=%b, PR=%b, PW=%b, PS=%b, SD=%b, SV=%b, DATA=%b, ADDR=%b", v0x564ce028bd00_0, v0x564ce028bfe0_0, v0x564ce028c180_0, v0x564ce028c0b0_0, v0x564ce028c250_0, v0x564ce028c320_0, v0x564ce028bda0_0, v0x564ce028bc20_0 {0 0 0};
    %vpi_call 2 51 "$display", "Memory Read!" {0 0 0};
    %delay 1, 0;
    %pushi/vec4 1, 0, 1;
    %store/vec4 v0x564ce028bd00_0, 0, 1;
    %pushi/vec4 1, 0, 3;
    %store/vec4 v0x564ce028bc20_0, 0, 3;
    %delay 1, 0;
    %pushi/vec4 1, 0, 1;
    %store/vec4 v0x564ce028bfe0_0, 0, 1;
    %delay 1, 0;
    %pushi/vec4 0, 0, 1;
    %store/vec4 v0x564ce028bd00_0, 0, 1;
    %pushi/vec4 0, 0, 1;
    %store/vec4 v0x564ce028c180_0, 0, 1;
    %pushi/vec4 0, 0, 1;
    %store/vec4 v0x564ce028bfe0_0, 0, 1;
    %pushi/vec4 0, 0, 1;
    %store/vec4 v0x564ce028c0b0_0, 0, 1;
    %pushi/vec4 0, 0, 1;
    %store/vec4 v0x564ce028c250_0, 0, 1;
    %pushi/vec4 0, 0, 1;
    %store/vec4 v0x564ce028c320_0, 0, 1;
    %vpi_call 2 56 "$display", "Memory Write!" {0 0 0};
    %delay 1, 0;
    %pushi/vec4 1, 0, 1;
    %store/vec4 v0x564ce028bd00_0, 0, 1;
    %pushi/vec4 1, 0, 3;
    %store/vec4 v0x564ce028bc20_0, 0, 3;
    %pushi/vec4 165, 0, 8;
    %store/vec4 v0x564ce028c3f0_0, 0, 8;
    %delay 1, 0;
    %pushi/vec4 1, 0, 1;
    %store/vec4 v0x564ce028c180_0, 0, 1;
    %delay 1, 0;
    %pushi/vec4 0, 255, 8;
    %store/vec4 v0x564ce028c3f0_0, 0, 8;
    %delay 1, 0;
    %pushi/vec4 0, 0, 1;
    %store/vec4 v0x564ce028c180_0, 0, 1;
    %delay 1, 0;
    %pushi/vec4 1, 0, 1;
    %store/vec4 v0x564ce028bfe0_0, 0, 1;
    %delay 1, 0;
    %pushi/vec4 0, 0, 1;
    %store/vec4 v0x564ce028bd00_0, 0, 1;
    %pushi/vec4 0, 0, 1;
    %store/vec4 v0x564ce028c180_0, 0, 1;
    %pushi/vec4 0, 0, 1;
    %store/vec4 v0x564ce028bfe0_0, 0, 1;
    %pushi/vec4 0, 0, 1;
    %store/vec4 v0x564ce028c0b0_0, 0, 1;
    %pushi/vec4 0, 0, 1;
    %store/vec4 v0x564ce028c250_0, 0, 1;
    %pushi/vec4 0, 0, 1;
    %store/vec4 v0x564ce028c320_0, 0, 1;
    %vpi_call 2 65 "$display", "Memory Shift!" {0 0 0};
    %end;
    .thread T_3;
# The file index is used to find the file name in the following table.
:file_names 4;
    "N/A";
    "<interactive>";
    "memory_tb.v";
    "memory.v";
